<?xml version="1.0" encoding="UTF-8"?>
<robot generator="Robot 3.1.2 (Python 3.8.1 on win32)" generated="20200225 15:31:07.162" rpa="false">
<suite id="s1" name="RobotProject1" source="C:\eclipse_2020\eclipse-workspace\RobotProject1">
<suite id="s1-s1" name="Test" source="C:\eclipse_2020\eclipse-workspace\RobotProject1\test">
<suite id="s1-s1-s1" name="TestSuite1" source="C:\eclipse_2020\eclipse-workspace\RobotProject1\test\TestSuite1.robot">
<kw name="Log" library="BuiltIn" type="setup">
<doc>Logs the given message with the given level.</doc>
<arguments>
<arg>I am inside suite setup</arg>
</arguments>
<msg timestamp="20200225 15:31:07.389" level="INFO">I am inside suite setup</msg>
<status status="PASS" starttime="20200225 15:31:07.389" endtime="20200225 15:31:07.390"></status>
</kw>
<test id="s1-s1-s1-t1" name="LoginTest">
<kw name="Log" library="BuiltIn" type="setup">
<doc>Logs the given message with the given level.</doc>
<arguments>
<arg>I am inside test test setup</arg>
</arguments>
<msg timestamp="20200225 15:31:07.391" level="INFO">I am inside test test setup</msg>
<status status="PASS" starttime="20200225 15:31:07.391" endtime="20200225 15:31:07.391"></status>
</kw>
<kw name="Open Browser" library="SeleniumLibrary">
<doc>Opens a new browser instance to the optional ``url``.</doc>
<arguments>
<arg>${URL}</arg>
<arg>chrome</arg>
</arguments>
<msg timestamp="20200225 15:31:07.392" level="INFO">Opening browser 'chrome' to base url 'https://opensource-demo.orangehrmlive.com/'.</msg>
<status status="PASS" starttime="20200225 15:31:07.391" endtime="20200225 15:31:15.384"></status>
</kw>
<kw name="Set Browser Implicit Wait" library="SeleniumLibrary">
<doc>Sets the implicit wait value used by Selenium.</doc>
<arguments>
<arg>5</arg>
</arguments>
<status status="PASS" starttime="20200225 15:31:15.385" endtime="20200225 15:31:15.386"></status>
</kw>
<kw name="LoginKW">
<arguments>
<arg>@{CREDENTIALS}[0]</arg>
<arg>@{CREDENTIALS}[1]</arg>
</arguments>
<kw name="Input Text" library="SeleniumLibrary">
<doc>Types the given ``text`` into the text field identified by ``locator``.</doc>
<arguments>
<arg>id=txtUsername</arg>
<arg>${username}</arg>
</arguments>
<msg timestamp="20200225 15:31:15.387" level="INFO">Typing text 'admin' into text field 'id=txtUsername'.</msg>
<status status="PASS" starttime="20200225 15:31:15.387" endtime="20200225 15:31:15.463"></status>
</kw>
<kw name="Input Password" library="SeleniumLibrary">
<doc>Types the given password into the text field identified by ``locator``.</doc>
<arguments>
<arg>id=txtPassword</arg>
<arg>${password}</arg>
</arguments>
<msg timestamp="20200225 15:31:15.464" level="INFO">Typing password into text field 'id=txtPassword'.</msg>
<msg timestamp="20200225 15:31:15.503" level="INFO">Temporally setting log level to: NONE</msg>
<msg timestamp="20200225 15:31:15.540" level="INFO">Log level changed from NONE to INFO.</msg>
<status status="PASS" starttime="20200225 15:31:15.464" endtime="20200225 15:31:15.540"></status>
</kw>
<kw name="Click Button" library="SeleniumLibrary">
<doc>Clicks the button identified by ``locator``.</doc>
<arguments>
<arg>id=btnLogin</arg>
</arguments>
<msg timestamp="20200225 15:31:15.540" level="INFO">Clicking button 'id=btnLogin'.</msg>
<status status="PASS" starttime="20200225 15:31:15.540" endtime="20200225 15:31:17.165"></status>
</kw>
<status status="PASS" starttime="20200225 15:31:15.386" endtime="20200225 15:31:17.166"></status>
</kw>
<kw name="Set Browser Implicit Wait" library="SeleniumLibrary">
<doc>Sets the implicit wait value used by Selenium.</doc>
<arguments>
<arg>5</arg>
</arguments>
<status status="PASS" starttime="20200225 15:31:17.168" endtime="20200225 15:31:17.173"></status>
</kw>
<kw name="Wait Until Element Is Visible" library="SeleniumLibrary">
<doc>Waits until the element ``locator`` is visible.</doc>
<arguments>
<arg>id=welcome</arg>
</arguments>
<status status="PASS" starttime="20200225 15:31:17.174" endtime="20200225 15:31:17.217"></status>
</kw>
<kw name="Click Element" library="SeleniumLibrary">
<doc>Click the element identified by ``locator``.</doc>
<arguments>
<arg>id=welcome</arg>
</arguments>
<msg timestamp="20200225 15:31:17.218" level="INFO">Clicking element 'id=welcome'.</msg>
<status status="PASS" starttime="20200225 15:31:17.217" endtime="20200225 15:31:17.271"></status>
</kw>
<kw name="Click Link" library="SeleniumLibrary">
<doc>Clicks a link identified by ``locator``.</doc>
<arguments>
<arg>link=Logout</arg>
</arguments>
<msg timestamp="20200225 15:31:17.272" level="INFO">Clicking link 'link=Logout'.</msg>
<status status="PASS" starttime="20200225 15:31:17.272" endtime="20200225 15:31:21.803"></status>
</kw>
<kw name="Close Browser" library="SeleniumLibrary">
<doc>Closes the current browser.</doc>
<status status="PASS" starttime="20200225 15:31:21.804" endtime="20200225 15:31:23.902"></status>
</kw>
<kw name="Log" library="BuiltIn">
<doc>Logs the given message with the given level.</doc>
<arguments>
<arg>Test completed</arg>
</arguments>
<msg timestamp="20200225 15:31:23.903" level="INFO">Test completed</msg>
<status status="PASS" starttime="20200225 15:31:23.902" endtime="20200225 15:31:23.903"></status>
</kw>
<kw name="Log" library="BuiltIn">
<doc>Logs the given message with the given level.</doc>
<arguments>
<arg>This test was executed by %{username} on %{os}</arg>
</arguments>
<msg timestamp="20200225 15:31:23.904" level="INFO">This test was executed by Gaezel on Windows_NT</msg>
<status status="PASS" starttime="20200225 15:31:23.903" endtime="20200225 15:31:23.904"></status>
</kw>
<kw name="Log" library="BuiltIn" type="teardown">
<doc>Logs the given message with the given level.</doc>
<arguments>
<arg>I am inside test teardown</arg>
</arguments>
<msg timestamp="20200225 15:31:23.904" level="INFO">I am inside test teardown</msg>
<status status="PASS" starttime="20200225 15:31:23.904" endtime="20200225 15:31:23.904"></status>
</kw>
<doc>This is a simple login test</doc>
<tags>
<tag>sanity</tag>
</tags>
<status status="PASS" starttime="20200225 15:31:07.390" endtime="20200225 15:31:23.905" critical="yes"></status>
</test>
<kw name="Log" library="BuiltIn" type="teardown">
<doc>Logs the given message with the given level.</doc>
<arguments>
<arg>I am inside suite teardown</arg>
</arguments>
<msg timestamp="20200225 15:31:23.906" level="INFO">I am inside suite teardown</msg>
<status status="PASS" starttime="20200225 15:31:23.905" endtime="20200225 15:31:23.906"></status>
</kw>
<status status="PASS" starttime="20200225 15:31:07.220" endtime="20200225 15:31:23.906"></status>
</suite>
<status status="PASS" starttime="20200225 15:31:07.218" endtime="20200225 15:31:23.908"></status>
</suite>
<status status="PASS" starttime="20200225 15:31:07.193" endtime="20200225 15:31:23.909"></status>
</suite>
<statistics>
<total>
<stat pass="1" fail="0">Critical Tests</stat>
<stat pass="1" fail="0">All Tests</stat>
</total>
<tag>
<stat pass="1" fail="0">sanity</stat>
</tag>
<suite>
<stat pass="1" fail="0" id="s1" name="RobotProject1">RobotProject1</stat>
<stat pass="1" fail="0" id="s1-s1" name="Test">RobotProject1.Test</stat>
<stat pass="1" fail="0" id="s1-s1-s1" name="TestSuite1">RobotProject1.Test.TestSuite1</stat>
</suite>
</statistics>
<errors>
</errors>
</robot>
